c:\users\egory\documents\hoyoverse\vsproject\injectme\injectme\injectme\x64\release\vc145.pdb
c:\users\egory\documents\hoyoverse\vsproject\injectme\injectme\injectme\x64\release\binary_assembly.nativecodeanalysis.xml
c:\users\egory\documents\hoyoverse\vsproject\injectme\injectme\injectme\x64\release\main.nativecodeanalysis.xml
c:\users\egory\documents\hoyoverse\vsproject\injectme\injectme\injectme\x64\release\kernel_service.nativecodeanalysis.xml
c:\users\egory\documents\hoyoverse\vsproject\injectme\injectme\injectme\x64\release\kernel_service.obj
c:\users\egory\documents\hoyoverse\vsproject\injectme\injectme\injectme\x64\release\main.obj
c:\users\egory\documents\hoyoverse\vsproject\injectme\injectme\injectme\x64\release\binary_assembly.obj
c:\users\egory\documents\hoyoverse\vsproject\injectme\injectme\x64\release\injectme.exe
c:\users\egory\documents\hoyoverse\vsproject\injectme\injectme\x64\release\injectme.pdb
c:\users\egory\documents\hoyoverse\vsproject\injectme\injectme\injectme\x64\release\injectme.ipdb
c:\users\egory\documents\hoyoverse\vsproject\injectme\injectme\injectme\x64\release\injectme.iobj
c:\users\egory\documents\hoyoverse\vsproject\injectme\injectme\injectme\x64\release\vc.nativecodeanalysis.all.xml
c:\users\egory\documents\hoyoverse\vsproject\injectme\injectme\injectme\x64\release\injectme.tlog\cl.command.1.tlog
c:\users\egory\documents\hoyoverse\vsproject\injectme\injectme\injectme\x64\release\injectme.tlog\cl.items.tlog
c:\users\egory\documents\hoyoverse\vsproject\injectme\injectme\injectme\x64\release\injectme.tlog\cl.read.1.tlog
c:\users\egory\documents\hoyoverse\vsproject\injectme\injectme\injectme\x64\release\injectme.tlog\cl.write.1.tlog
c:\users\egory\documents\hoyoverse\vsproject\injectme\injectme\injectme\x64\release\injectme.tlog\link.command.1.tlog
c:\users\egory\documents\hoyoverse\vsproject\injectme\injectme\injectme\x64\release\injectme.tlog\link.read.1.tlog
c:\users\egory\documents\hoyoverse\vsproject\injectme\injectme\injectme\x64\release\injectme.tlog\link.secondary.1.tlog
c:\users\egory\documents\hoyoverse\vsproject\injectme\injectme\injectme\x64\release\injectme.tlog\link.write.1.tlog
